<?xml version="1.0" encoding="UTF-8"?>
<!-- Generated by org.testng.reporters.JUnitXMLReporter -->
<testsuite ignored="1" hostname="Chandrahas" failures="3" tests="15" name="PersonalLoan" time="3.668" errors="0" timestamp="2024-11-01T10:49:09 IST">
  <testcase classname="BasicTests.class2" name="test2" time="0.008"/>
  <testcase classname="BasicTests.ExtentReportsDemo" name="testDemo" time="3.273">
    <failure type="java.lang.AssertionError" message="expected [RahulShetty] but found [Selenium, API Testing, Software Testing &amp;amp; More QA Tutorials | Rahul Shetty Academy]">
      <![CDATA[java.lang.AssertionError: expected [RahulShetty] but found [Selenium, API Testing, Software Testing & More QA Tutorials | Rahul Shetty Academy]
at BasicTests.ExtentReportsDemo.testDemo(ExtentReportsDemo.java:37)
at java.base/java.util.ArrayList.forEach(ArrayList.java:1596)
... Removed 31 stack frames]]>
    </failure>
  </testcase> <!-- testDemo -->
  <testcase classname="BasicTests.Parameters1" name="test" time="0.0">
    <failure type="org.testng.TestNGException" message="
Parameter &amp;apos;URL&amp;apos; is required by @Test on method test but has not been marked @Optional or defined
in C:\Users\chand\eclipse-workspace\TestNGPractice\packages.xml">
      <![CDATA[org.testng.TestNGException: 
Parameter 'URL' is required by @Test on method test but has not been marked @Optional or defined
in C:\Users\chand\eclipse-workspace\TestNGPractice\packages.xml
at java.base/java.util.ArrayList.forEach(ArrayList.java:1596)
... Removed 26 stack frames]]>
    </failure>
  </testcase> <!-- test -->
  <testcase classname="BasicTests.Parameters2" name="login" time="0.005"/>
  <testcase classname="BasicTests.Parameters2" name="login" time="0.002"/>
  <testcase classname="BasicTests.Parameters2" name="login" time="0.001"/>
  <testcase classname="BasicTests.Parameters2" name="test" time="0.0">
    <failure type="org.testng.TestNGException" message="
Parameter &amp;apos;URL&amp;apos; is required by @Test on method test but has not been marked @Optional or defined
in C:\Users\chand\eclipse-workspace\TestNGPractice\packages.xml">
      <![CDATA[org.testng.TestNGException: 
Parameter 'URL' is required by @Test on method test but has not been marked @Optional or defined
in C:\Users\chand\eclipse-workspace\TestNGPractice\packages.xml
at java.base/java.util.ArrayList.forEach(ArrayList.java:1596)
... Removed 26 stack frames]]>
    </failure>
  </testcase> <!-- test -->
  <testcase classname="BasicTests.Test1" name="Test" time="0.001"/>
  <testcase classname="BasicTests.Test2" name="Login" time="0.002"/>
  <testcase classname="BasicTests.Test2" name="PersonalLoanWeb" time="0.003"/>
  <testcase classname="BasicTests.Test3" name="CarLoanLogout" time="0.001"/>
  <testcase classname="BasicTests.Test3" name="CarLoanWeb" time="0.001"/>
  <testcase classname="BasicTests.Test4" name="Z" time="0.002"/>
  <testcase classname="BasicTests.Test4" name="HomeLoanMobile" time="0.003"/>
  <testcase classname="BasicTests.Test4" name="HomeLoanLogout" time="0.001"/>
  <testcase classname="BasicTests.Test3" name="CarLoanMobile" time="0.0">
    <ignored/>
  </testcase> <!-- CarLoanMobile -->
</testsuite> <!-- PersonalLoan -->
